<?xml version="1.0" encoding="UTF-8"?>
<!-- Generated by org.testng.reporters.JUnitReportReporter -->
<testsuite hostname="leoalwin" failures="0" tests="1" name="LamdaDemo.slider" time="3.885" errors="0" timestamp="29 Jul 2023 18:17:49 GMT" skipped="0">
  <testcase classname="LamdaDemo.slider" name="MyTest1" time="3.885"/>
</testsuite> <!-- LamdaDemo.slider -->
