<?xml version="1.0" encoding="UTF-8"?>
<!-- Generated by org.testng.reporters.JUnitReportReporter -->
<testsuite hostname="leoalwin" failures="0" tests="1" name="LamdaDemo.LaunchBrowser" time="2.635" errors="0" timestamp="29 Jul 2023 18:15:52 GMT" skipped="0">
  <testcase classname="LamdaDemo.LaunchBrowser" name="MyTest" time="2.635"/>
</testsuite> <!-- LamdaDemo.LaunchBrowser -->
