<?xml version="1.0" encoding="UTF-8"?>
<!-- Generated by org.testng.reporters.JUnitReportReporter -->
<testsuite hostname="leoalwin" failures="0" tests="2" name="LamdaDemo.InputForm" time="8.020" errors="0" timestamp="29 Jul 2023 18:19:51 GMT" skipped="0">
  <testcase classname="LamdaDemo.InputForm" name="MyTest" time="4.951"/>
  <testcase classname="LamdaDemo.InputForm" name="MyTest1" time="3.069"/>
</testsuite> <!-- LamdaDemo.InputForm -->
